<?xml version="1.0" encoding="UTF-8" ?>
<testsuite tests="6" failures="0" name="RouteCalculatorTest" time="0.063" errors="0" skipped="0">
  <properties>
[...]
</properties>
  <testcase classname="RouteCalculatorTest" name="test_route_via_connected_line" time="0.047"/>
  <testcase classname="RouteCalculatorTest" name="test_route_with_one_connection" time="0.016"/>
  <testcase classname="RouteCalculatorTest" name="test_calculate_duration_on_same_station" time="0"/>
  <testcase classname="RouteCalculatorTest" name="test_shortest_route" time="0"/>
  <testcase classname="RouteCalculatorTest" name="test_calculate_duration" time="0"/>
  <testcase classname="RouteCalculatorTest" name="test_route_with_two_connections" time="0"/>
</testsuite>